Our First Log Message
Our First Log Message
Add function called
Add function called
add(3.0, 4.0)
add(3.0, 4.0)=7.0
subtract(3.0, 4.0)=-1.0
divide(3.0, 0.0)=0
divide(3.0, 0.0)=0
error: divide(3.0, 0.0)=0
info: multiply(3.0, 4.0)=12.0
info: multiply(2.0, 1.0)=2.0
error: invalid input
error: invalid input 6
error: invalid input
error: invalid input : 52
error: invalid input : as
error: invalid input : wwww
error: invalid input : ewqq
info: multiply(3.0, 2.0)=6.0
info: divide(2.0, 3.0)=0.6666666666666666
error: invalid input : 6
